[0/1] Running libcxx tests
llvm-lit: /build/libc++/src/llvm/projects/libcxx/test/lit.cfg:45: note: Using configuration variant: libcxx
llvm-lit: /build/libc++/src/llvm/projects/libcxx/utils/libcxx/test/config.py:307: note: inferred use_system_cxx_lib as: None
llvm-lit: /build/libc++/src/llvm/projects/libcxx/utils/libcxx/test/config.py:313: note: inferred with_availability as: False
llvm-lit: /build/libc++/src/llvm/projects/libcxx/utils/libcxx/test/config.py:345: note: inferred use_clang_verify as: True
llvm-lit: /build/libc++/src/llvm/projects/libcxx/utils/libcxx/test/config.py:355: note: enabling thread-safety annotations
llvm-lit: /build/libc++/src/llvm/projects/libcxx/utils/libcxx/test/config.py:535: note: inferred language dialect as: c++2a
llvm-lit: /build/libc++/src/llvm/projects/libcxx/utils/libcxx/test/target_info.py:68: warning: The locale fr_FR.UTF-8 is not supported by your platform. Some tests will be unsupported.
llvm-lit: /build/libc++/src/llvm/projects/libcxx/utils/libcxx/test/target_info.py:68: warning: The locale ru_RU.UTF-8 is not supported by your platform. Some tests will be unsupported.
llvm-lit: /build/libc++/src/llvm/projects/libcxx/utils/libcxx/test/target_info.py:68: warning: The locale zh_CN.UTF-8 is not supported by your platform. Some tests will be unsupported.
llvm-lit: /build/libc++/src/llvm/projects/libcxx/utils/libcxx/test/target_info.py:68: warning: The locale fr_CA.ISO8859-1 is not supported by your platform. Some tests will be unsupported.
llvm-lit: /build/libc++/src/llvm/projects/libcxx/utils/libcxx/test/target_info.py:68: warning: The locale cs_CZ.ISO8859-2 is not supported by your platform. Some tests will be unsupported.
llvm-lit: /build/libc++/src/llvm/projects/libcxx/utils/libcxx/test/config.py:436: note: inferred long_tests as: True
llvm-lit: /build/libc++/src/llvm/projects/libcxx/utils/libcxx/test/config.py:156: note: Using compiler: /usr/bin/clang++
llvm-lit: /build/libc++/src/llvm/projects/libcxx/utils/libcxx/test/config.py:157: note: Using flags: ['-v', '-D_LIBCPP_DISABLE_AVAILABILITY', '-ftemplate-depth=270']
llvm-lit: /build/libc++/src/llvm/projects/libcxx/utils/libcxx/test/config.py:162: note: Using compile flags: ['-Werror=thread-safety', '-std=c++2a', '-include', '/build/libc++/src/llvm/projects/libcxx/test/support/nasty_macros.hpp', '-nostdinc++', '-I/build/libc++/src/llvm/projects/libcxx/include', '-I/build/libc++/src/build/projects/libcxx/include/c++build', '-D__STDC_FORMAT_MACROS', '-D__STDC_LIMIT_MACROS', '-D__STDC_CONSTANT_MACROS', '-I/build/libc++/src/llvm/projects/libcxx/test/support', '-DLIBCXX_FILESYSTEM_STATIC_TEST_ROOT="/build/libc++/src/llvm/projects/libcxx/test/std/experimental/filesystem/Inputs/static_test_env"', '-DLIBCXX_FILESYSTEM_DYNAMIC_TEST_ROOT="/build/libc++/src/build/projects/libcxx/test/filesystem/Output/dynamic_env"', '-DLIBCXX_FILESYSTEM_DYNAMIC_TEST_HELPER="/usr/bin/python /build/libc++/src/llvm/projects/libcxx/test/support/filesystem_dynamic_test_helper.py"']
llvm-lit: /build/libc++/src/llvm/projects/libcxx/utils/libcxx/test/config.py:164: note: Using warnings: ['-D_LIBCPP_HAS_NO_PRAGMA_SYSTEM_HEADER', '-Wall', '-Wextra', '-Werror', '-Wuser-defined-warnings', '-Wshadow', '-Wno-unused-command-line-argument', '-Wno-attributes', '-Wno-pessimizing-move', '-Wno-c++11-extensions', '-Wno-user-defined-literals', '-Wno-noexcept-type', '-Wno-aligned-allocation-unavailable', '-Wsign-compare', '-Wunused-variable', '-Wunused-parameter', '-Wunreachable-code', '-Wno-conversion', '-Wno-unused-local-typedef', '-Wno-#warnings']
llvm-lit: /build/libc++/src/llvm/projects/libcxx/utils/libcxx/test/config.py:165: note: Using link flags: ['-L/build/libc++/src/build/./lib', '-Wl,-rpath,/build/libc++/src/build/./lib', '-nodefaultlibs', '-lc++experimental', '-lc++', '-lm', '-lgcc_s', '-lgcc', '-lpthread', '-lc', '-lgcc_s', '-lgcc']
llvm-lit: /build/libc++/src/llvm/projects/libcxx/utils/libcxx/test/config.py:168: note: Using available_features: ['linux', 'libatomic', 'libc++', 'clang-6', 'c++experimental', 'glibc-2.26', 'c++2a', 'fdelayed-template-parsing', 'fsized-deallocation', 'glibc-2', 'thread-safety', 'clang', 'clang-6.0', 'modules-support', 'arch', 'glibc', 'c++filesystem', '-faligned-allocation', 'locale.en_US.UTF-8', 'fcoroutines-ts', 'verify-support', 'diagnose-if-support', 'long_tests']
llvm-lit: /build/libc++/src/llvm/projects/libcxx/utils/libcxx/test/config.py:173: note: Adding environment variables: {'LIBCXX_FILESYSTEM_DYNAMIC_TEST_ROOT': '/build/libc++/src/build/projects/libcxx/test/filesystem/Output/dynamic_env'}
-- Testing: 5874 tests, 8 threads --
Testing: 0 .. 10.. 20.. 30.. 40.. 50.. 60.. 70.. 80.. 90.. 

5 warning(s) in tests.
Testing Time: 1063.81s
  Expected Passes    : 5741
  Expected Failures  : 6
  Unsupported Tests  : 127
