-- The C compiler identification is Clang 6.0.0
-- The CXX compiler identification is Clang 6.0.0
-- The ASM compiler identification is Clang
-- Found assembler: /usr/bin/clang
-- Check for working C compiler: /usr/bin/clang
-- Check for working C compiler: /usr/bin/clang -- works
-- Detecting C compiler ABI info
-- Detecting C compiler ABI info - done
-- Detecting C compile features
-- Detecting C compile features - done
-- Check for working CXX compiler: /usr/bin/clang++
-- Check for working CXX compiler: /usr/bin/clang++ -- works
-- Detecting CXX compiler ABI info
-- Detecting CXX compiler ABI info - done
-- Detecting CXX compile features
-- Detecting CXX compile features - done
-- Performing Test LLVM_NO_OLD_LIBSTDCXX
-- Performing Test LLVM_NO_OLD_LIBSTDCXX - Success
-- Looking for dirent.h
-- Looking for dirent.h - found
-- Looking for dlfcn.h
-- Looking for dlfcn.h - found
-- Looking for errno.h
-- Looking for errno.h - found
-- Looking for fcntl.h
-- Looking for fcntl.h - found
-- Looking for inttypes.h
-- Looking for inttypes.h - found
-- Looking for link.h
-- Looking for link.h - found
-- Looking for malloc.h
-- Looking for malloc.h - found
-- Looking for malloc/malloc.h
-- Looking for malloc/malloc.h - not found
-- Looking for ndir.h
-- Looking for ndir.h - not found
-- Looking for pthread.h
-- Looking for pthread.h - found
-- Looking for signal.h
-- Looking for signal.h - found
-- Looking for stdint.h
-- Looking for stdint.h - found
-- Looking for sys/dir.h
-- Looking for sys/dir.h - found
-- Looking for sys/ioctl.h
-- Looking for sys/ioctl.h - found
-- Looking for sys/mman.h
-- Looking for sys/mman.h - found
-- Looking for sys/ndir.h
-- Looking for sys/ndir.h - not found
-- Looking for sys/param.h
-- Looking for sys/param.h - found
-- Looking for sys/resource.h
-- Looking for sys/resource.h - found
-- Looking for sys/stat.h
-- Looking for sys/stat.h - found
-- Looking for sys/time.h
-- Looking for sys/time.h - found
-- Looking for sys/types.h
-- Looking for sys/types.h - found
-- Looking for sys/uio.h
-- Looking for sys/uio.h - found
-- Looking for termios.h
-- Looking for termios.h - found
-- Looking for unistd.h
-- Looking for unistd.h - found
-- Looking for valgrind/valgrind.h
-- Looking for valgrind/valgrind.h - not found
-- Looking for zlib.h
-- Looking for zlib.h - found
-- Looking for fenv.h
-- Looking for fenv.h - found
-- Looking for FE_ALL_EXCEPT
-- Looking for FE_ALL_EXCEPT - found
-- Looking for FE_INEXACT
-- Looking for FE_INEXACT - found
-- Looking for mach/mach.h
-- Looking for mach/mach.h - not found
-- Looking for histedit.h
-- Looking for histedit.h - found
-- Looking for CrashReporterClient.h
-- Looking for CrashReporterClient.h - not found
-- Looking for linux/magic.h
-- Looking for linux/magic.h - found
-- Looking for pthread_create in pthread
-- Looking for pthread_create in pthread - found
-- Looking for pthread_getspecific in pthread
-- Looking for pthread_getspecific in pthread - found
-- Looking for pthread_rwlock_init in pthread
-- Looking for pthread_rwlock_init in pthread - found
-- Looking for pthread_mutex_lock in pthread
-- Looking for pthread_mutex_lock in pthread - found
-- Looking for dlopen in dl
-- Looking for dlopen in dl - found
-- Looking for clock_gettime in rt
-- Looking for clock_gettime in rt - found
-- Looking for pthread.h
-- Looking for pthread.h - found
-- Looking for pthread_create
-- Looking for pthread_create - not found
-- Looking for pthread_create in pthreads
-- Looking for pthread_create in pthreads - not found
-- Looking for pthread_create in pthread
-- Looking for pthread_create in pthread - found
-- Found Threads: TRUE  
-- Looking for compress2 in z
-- Looking for compress2 in z - found
-- Looking for el_init in edit
-- Looking for el_init in edit - found
-- Looking for setupterm in tinfo
-- Looking for setupterm in tinfo - found
-- Found LibXml2: /usr/lib/libxml2.so (found version "2.9.8") 
-- Looking for xar_open in xar
-- Looking for xar_open in xar - not found
-- Looking for arc4random
-- Looking for arc4random - not found
-- Looking for backtrace
-- Looking for backtrace - found
-- backtrace facility detected in default set of libraries
-- Found Backtrace: /usr/include  
-- Performing Test C_SUPPORTS_WERROR_UNGUARDED_AVAILABILITY_NEW
-- Performing Test C_SUPPORTS_WERROR_UNGUARDED_AVAILABILITY_NEW - Success
-- Looking for _Unwind_Backtrace
-- Looking for _Unwind_Backtrace - found
-- Looking for getpagesize
-- Looking for getpagesize - found
-- Looking for sysconf
-- Looking for sysconf - found
-- Looking for getrusage
-- Looking for getrusage - found
-- Looking for setrlimit
-- Looking for setrlimit - found
-- Looking for isatty
-- Looking for isatty - found
-- Looking for futimens
-- Looking for futimens - found
-- Looking for futimes
-- Looking for futimes - found
-- Looking for posix_fallocate
-- Looking for posix_fallocate - found
-- Looking for sigaltstack
-- Looking for sigaltstack - found
-- Looking for writev
-- Looking for writev - found
-- Looking for lseek64
-- Looking for lseek64 - found
-- Looking for mallctl
-- Looking for mallctl - not found
-- Looking for mallinfo
-- Looking for mallinfo - found
-- Looking for malloc_zone_statistics
-- Looking for malloc_zone_statistics - not found
-- Looking for mkdtemp
-- Looking for mkdtemp - found
-- Looking for mkstemp
-- Looking for mkstemp - found
-- Looking for mktemp
-- Looking for mktemp - found
-- Looking for getcwd
-- Looking for getcwd - found
-- Looking for gettimeofday
-- Looking for gettimeofday - found
-- Looking for getrlimit
-- Looking for getrlimit - found
-- Looking for posix_spawn
-- Looking for posix_spawn - found
-- Looking for pread
-- Looking for pread - found
-- Looking for realpath
-- Looking for realpath - found
-- Looking for sbrk
-- Looking for sbrk - found
-- Looking for strtoll
-- Looking for strtoll - found
-- Looking for strerror
-- Looking for strerror - found
-- Looking for strerror_r
-- Looking for strerror_r - found
-- Looking for strerror_s
-- Looking for strerror_s - not found
-- Looking for setenv
-- Looking for setenv - found
-- Looking for dlopen
-- Looking for dlopen - found
-- Looking for dladdr
-- Looking for dladdr - not found
-- Looking for __GLIBC__
-- Looking for __GLIBC__ - found
-- Looking for sched_getaffinity
-- Looking for sched_getaffinity - found
-- Looking for CPU_COUNT
-- Looking for CPU_COUNT - found
-- Looking for pthread_getname_np in pthread
-- Looking for pthread_getname_np in pthread - found
-- Looking for pthread_setname_np in pthread
-- Looking for pthread_setname_np in pthread - found
-- Performing Test HAVE_INT64_T
-- Performing Test HAVE_INT64_T - Success
-- Performing Test HAVE_UINT64_T
-- Performing Test HAVE_UINT64_T - Success
-- Performing Test HAVE_U_INT64_T
-- Performing Test HAVE_U_INT64_T - Success
-- Performing Test HAVE_CXX_ATOMICS_WITHOUT_LIB
-- Performing Test HAVE_CXX_ATOMICS_WITHOUT_LIB - Success
-- Performing Test HAVE_CXX_ATOMICS64_WITHOUT_LIB
-- Performing Test HAVE_CXX_ATOMICS64_WITHOUT_LIB - Success
-- Performing Test LLVM_HAS_ATOMICS
-- Performing Test LLVM_HAS_ATOMICS - Success
-- Performing Test SUPPORTS_VARIADIC_MACROS_FLAG
-- Performing Test SUPPORTS_VARIADIC_MACROS_FLAG - Success
-- Performing Test SUPPORTS_GNU_ZERO_VARIADIC_MACRO_ARGUMENTS_FLAG
-- Performing Test SUPPORTS_GNU_ZERO_VARIADIC_MACRO_ARGUMENTS_FLAG - Success
-- Native target architecture is X86
-- Threads enabled.
-- Doxygen disabled.
-- Go bindings disabled.
-- Could NOT find OCaml (missing: OCAMLFIND OCAML_VERSION OCAML_STDLIB_PATH) 
-- Could NOT find OCaml (missing: OCAMLFIND OCAML_VERSION OCAML_STDLIB_PATH) 
-- OCaml bindings disabled.
-- Could NOT find Python module pygments
-- Could NOT find Python module pygments.lexers.c_cpp
-- Could NOT find Python module yaml
-- LLVM host triple: x86_64-unknown-linux-gnu
-- LLVM default target triple: x86_64-unknown-linux-gnu
-- Performing Test C_SUPPORTS_FPIC
-- Performing Test C_SUPPORTS_FPIC - Success
-- Performing Test CXX_SUPPORTS_FPIC
-- Performing Test CXX_SUPPORTS_FPIC - Success
-- Building with -fPIC
-- Performing Test SUPPORTS_FVISIBILITY_INLINES_HIDDEN_FLAG
-- Performing Test SUPPORTS_FVISIBILITY_INLINES_HIDDEN_FLAG - Success
-- Performing Test C_SUPPORTS_WERROR_DATE_TIME
-- Performing Test C_SUPPORTS_WERROR_DATE_TIME - Success
-- Performing Test CXX_SUPPORTS_WERROR_DATE_TIME
-- Performing Test CXX_SUPPORTS_WERROR_DATE_TIME - Success
-- Performing Test CXX_SUPPORTS_WERROR_UNGUARDED_AVAILABILITY_NEW
-- Performing Test CXX_SUPPORTS_WERROR_UNGUARDED_AVAILABILITY_NEW - Success
-- Performing Test CXX_SUPPORTS_CXX11
-- Performing Test CXX_SUPPORTS_CXX11 - Success
-- Performing Test CXX_SUPPORTS_MISSING_FIELD_INITIALIZERS_FLAG
-- Performing Test CXX_SUPPORTS_MISSING_FIELD_INITIALIZERS_FLAG - Success
-- Performing Test C_SUPPORTS_COVERED_SWITCH_DEFAULT_FLAG
-- Performing Test C_SUPPORTS_COVERED_SWITCH_DEFAULT_FLAG - Success
-- Performing Test CXX_SUPPORTS_COVERED_SWITCH_DEFAULT_FLAG
-- Performing Test CXX_SUPPORTS_COVERED_SWITCH_DEFAULT_FLAG - Success
-- Performing Test CXX_WONT_WARN_ON_FINAL_NONVIRTUALDTOR
-- Performing Test CXX_WONT_WARN_ON_FINAL_NONVIRTUALDTOR - Success
-- Performing Test C_SUPPORTS_DELETE_NON_VIRTUAL_DTOR_FLAG
-- Performing Test C_SUPPORTS_DELETE_NON_VIRTUAL_DTOR_FLAG - Success
-- Performing Test CXX_SUPPORTS_DELETE_NON_VIRTUAL_DTOR_FLAG
-- Performing Test CXX_SUPPORTS_DELETE_NON_VIRTUAL_DTOR_FLAG - Success
-- Performing Test C_WCOMMENT_ALLOWS_LINE_WRAP
-- Performing Test C_WCOMMENT_ALLOWS_LINE_WRAP - Success
-- Performing Test C_SUPPORTS_STRING_CONVERSION_FLAG
-- Performing Test C_SUPPORTS_STRING_CONVERSION_FLAG - Success
-- Performing Test CXX_SUPPORTS_STRING_CONVERSION_FLAG
-- Performing Test CXX_SUPPORTS_STRING_CONVERSION_FLAG - Success
-- Performing Test LINKER_SUPPORTS_COLOR_DIAGNOSTICS
-- Performing Test LINKER_SUPPORTS_COLOR_DIAGNOSTICS - Failed
-- Performing Test C_SUPPORTS_FNO_FUNCTION_SECTIONS
-- Performing Test C_SUPPORTS_FNO_FUNCTION_SECTIONS - Success
-- Performing Test C_SUPPORTS_FFUNCTION_SECTIONS
-- Performing Test C_SUPPORTS_FFUNCTION_SECTIONS - Success
-- Performing Test CXX_SUPPORTS_FFUNCTION_SECTIONS
-- Performing Test CXX_SUPPORTS_FFUNCTION_SECTIONS - Success
-- Performing Test C_SUPPORTS_FDATA_SECTIONS
-- Performing Test C_SUPPORTS_FDATA_SECTIONS - Success
-- Performing Test CXX_SUPPORTS_FDATA_SECTIONS
-- Performing Test CXX_SUPPORTS_FDATA_SECTIONS - Success
-- Found PythonInterp: /usr/bin/python (found version "3.6.5") 
-- Constructing LLVMBuild project information
-- Linker detection: GNU ld
-- Targeting AArch64
-- Targeting AMDGPU
-- Targeting ARM
-- Targeting BPF
-- Targeting Hexagon
-- Targeting Lanai
-- Targeting Mips
-- Targeting MSP430
-- Targeting NVPTX
-- Targeting PowerPC
-- Targeting Sparc
-- Targeting SystemZ
-- Targeting X86
-- Targeting XCore
-- Looking for fopen in c
-- Looking for fopen in c - found
-- Looking for __gcc_personality_v0 in gcc_s
-- Looking for __gcc_personality_v0 in gcc_s - found
-- Performing Test LIBCXXABI_HAS_NODEFAULTLIBS_FLAG
-- Performing Test LIBCXXABI_HAS_NODEFAULTLIBS_FLAG - Success
-- Performing Test LIBCXXABI_HAS_FUNWIND_TABLES
-- Performing Test LIBCXXABI_HAS_FUNWIND_TABLES - Success
-- Performing Test LIBCXXABI_HAS_NO_EXCEPTIONS_FLAG
-- Performing Test LIBCXXABI_HAS_NO_EXCEPTIONS_FLAG - Success
-- Performing Test LIBCXXABI_HAS_NO_RTTI_FLAG
-- Performing Test LIBCXXABI_HAS_NO_RTTI_FLAG - Success
-- Performing Test LIBCXXABI_HAS_FSTRICT_ALIASING_FLAG
-- Performing Test LIBCXXABI_HAS_FSTRICT_ALIASING_FLAG - Success
-- Performing Test LIBCXXABI_HAS_NOSTDINCXX_FLAG
-- Performing Test LIBCXXABI_HAS_NOSTDINCXX_FLAG - Success
-- Performing Test LIBCXXABI_HAS_WALL_FLAG
-- Performing Test LIBCXXABI_HAS_WALL_FLAG - Success
-- Performing Test LIBCXXABI_HAS_W_FLAG
-- Performing Test LIBCXXABI_HAS_W_FLAG - Success
-- Performing Test LIBCXXABI_HAS_WUNUSED_FUNCTION_FLAG
-- Performing Test LIBCXXABI_HAS_WUNUSED_FUNCTION_FLAG - Success
-- Performing Test LIBCXXABI_HAS_WUNUSED_VARIABLE_FLAG
-- Performing Test LIBCXXABI_HAS_WUNUSED_VARIABLE_FLAG - Success
-- Performing Test LIBCXXABI_HAS_WUNUSED_PARAMETER_FLAG
-- Performing Test LIBCXXABI_HAS_WUNUSED_PARAMETER_FLAG - Success
-- Performing Test LIBCXXABI_HAS_WSTRICT_ALIASING_FLAG
-- Performing Test LIBCXXABI_HAS_WSTRICT_ALIASING_FLAG - Success
-- Performing Test LIBCXXABI_HAS_WSTRICT_OVERFLOW_FLAG
-- Performing Test LIBCXXABI_HAS_WSTRICT_OVERFLOW_FLAG - Success
-- Performing Test LIBCXXABI_HAS_WWRITE_STRINGS_FLAG
-- Performing Test LIBCXXABI_HAS_WWRITE_STRINGS_FLAG - Success
-- Performing Test LIBCXXABI_HAS_WCHAR_SUBSCRIPTS_FLAG
-- Performing Test LIBCXXABI_HAS_WCHAR_SUBSCRIPTS_FLAG - Success
-- Performing Test LIBCXXABI_HAS_WMISMATCHED_TAGS_FLAG
-- Performing Test LIBCXXABI_HAS_WMISMATCHED_TAGS_FLAG - Success
-- Performing Test LIBCXXABI_HAS_WMISSING_BRACES_FLAG
-- Performing Test LIBCXXABI_HAS_WMISSING_BRACES_FLAG - Success
-- Performing Test LIBCXXABI_HAS_WSHORTEN_64_TO_32_FLAG
-- Performing Test LIBCXXABI_HAS_WSHORTEN_64_TO_32_FLAG - Success
-- Performing Test LIBCXXABI_HAS_WSIGN_CONVERSION_FLAG
-- Performing Test LIBCXXABI_HAS_WSIGN_CONVERSION_FLAG - Success
-- Performing Test LIBCXXABI_HAS_WSIGN_COMPARE_FLAG
-- Performing Test LIBCXXABI_HAS_WSIGN_COMPARE_FLAG - Success
-- Performing Test LIBCXXABI_HAS_WSHADOW_FLAG
-- Performing Test LIBCXXABI_HAS_WSHADOW_FLAG - Success
-- Performing Test LIBCXXABI_HAS_WCONVERSION_FLAG
-- Performing Test LIBCXXABI_HAS_WCONVERSION_FLAG - Success
-- Performing Test LIBCXXABI_HAS_WNEWLINE_EOF_FLAG
-- Performing Test LIBCXXABI_HAS_WNEWLINE_EOF_FLAG - Success
-- Performing Test LIBCXXABI_HAS_WUNDEF_FLAG
-- Performing Test LIBCXXABI_HAS_WUNDEF_FLAG - Success
-- Performing Test LIBCXXABI_HAS_PEDANTIC_FLAG
-- Performing Test LIBCXXABI_HAS_PEDANTIC_FLAG - Success
-- Performing Test LIBCXXABI_HAS_WERROR_FLAG
-- Performing Test LIBCXXABI_HAS_WERROR_FLAG - Success
-- Performing Test LIBCXXABI_HAS_WNO_ERROR_FLAG
-- Performing Test LIBCXXABI_HAS_WNO_ERROR_FLAG - Success
-- Performing Test LIBCXXABI_HAS_WX_FLAG
-- Performing Test LIBCXXABI_HAS_WX_FLAG - Failed
-- Performing Test LIBCXXABI_HAS_NO_WX_FLAG
-- Performing Test LIBCXXABI_HAS_NO_WX_FLAG - Failed
-- Performing Test LIBCXXABI_HAS_EHSC_FLAG
-- Performing Test LIBCXXABI_HAS_EHSC_FLAG - Failed
-- Performing Test LIBCXXABI_HAS_NO_EHS_FLAG
-- Performing Test LIBCXXABI_HAS_NO_EHS_FLAG - Failed
-- Performing Test LIBCXXABI_HAS_NO_EHA_FLAG
-- Performing Test LIBCXXABI_HAS_NO_EHA_FLAG - Failed
-- Performing Test LIBCXXABI_HAS_NO_GR_FLAG
-- Performing Test LIBCXXABI_HAS_NO_GR_FLAG - Failed
-- Looking for dladdr in dl
-- Looking for dladdr in dl - found
-- Looking for pthread_once in pthread
-- Looking for pthread_once in pthread - found
-- Looking for __cxa_thread_atexit_impl in c
-- Looking for __cxa_thread_atexit_impl in c - found
-- Performing Test LIBCXXABI_SUPPORTS_WERROR_EQ_RETURN_TYPE_FLAG
-- Performing Test LIBCXXABI_SUPPORTS_WERROR_EQ_RETURN_TYPE_FLAG - Success
-- Performing Test LIBCXXABI_SUPPORTS_W_FLAG
-- Performing Test LIBCXXABI_SUPPORTS_W_FLAG - Success
-- Performing Test LIBCXXABI_SUPPORTS_WALL_FLAG
-- Performing Test LIBCXXABI_SUPPORTS_WALL_FLAG - Success
-- Performing Test LIBCXXABI_SUPPORTS_WCHAR_SUBSCRIPTS_FLAG
-- Performing Test LIBCXXABI_SUPPORTS_WCHAR_SUBSCRIPTS_FLAG - Success
-- Performing Test LIBCXXABI_SUPPORTS_WCONVERSION_FLAG
-- Performing Test LIBCXXABI_SUPPORTS_WCONVERSION_FLAG - Success
-- Performing Test LIBCXXABI_SUPPORTS_WMISMATCHED_TAGS_FLAG
-- Performing Test LIBCXXABI_SUPPORTS_WMISMATCHED_TAGS_FLAG - Success
-- Performing Test LIBCXXABI_SUPPORTS_WMISSING_BRACES_FLAG
-- Performing Test LIBCXXABI_SUPPORTS_WMISSING_BRACES_FLAG - Success
-- Performing Test LIBCXXABI_SUPPORTS_WNEWLINE_EOF_FLAG
-- Performing Test LIBCXXABI_SUPPORTS_WNEWLINE_EOF_FLAG - Success
-- Performing Test LIBCXXABI_SUPPORTS_WUNUSED_FUNCTION_FLAG
-- Performing Test LIBCXXABI_SUPPORTS_WUNUSED_FUNCTION_FLAG - Success
-- Performing Test LIBCXXABI_SUPPORTS_WSHADOW_FLAG
-- Performing Test LIBCXXABI_SUPPORTS_WSHADOW_FLAG - Success
-- Performing Test LIBCXXABI_SUPPORTS_WSHORTEN_64_TO_32_FLAG
-- Performing Test LIBCXXABI_SUPPORTS_WSHORTEN_64_TO_32_FLAG - Success
-- Performing Test LIBCXXABI_SUPPORTS_WSIGN_COMPARE_FLAG
-- Performing Test LIBCXXABI_SUPPORTS_WSIGN_COMPARE_FLAG - Success
-- Performing Test LIBCXXABI_SUPPORTS_WSIGN_CONVERSION_FLAG
-- Performing Test LIBCXXABI_SUPPORTS_WSIGN_CONVERSION_FLAG - Success
-- Performing Test LIBCXXABI_SUPPORTS_WSTRICT_ALIASING_EQ_2_FLAG
-- Performing Test LIBCXXABI_SUPPORTS_WSTRICT_ALIASING_EQ_2_FLAG - Success
-- Performing Test LIBCXXABI_SUPPORTS_WSTRICT_OVERFLOW_EQ_4_FLAG
-- Performing Test LIBCXXABI_SUPPORTS_WSTRICT_OVERFLOW_EQ_4_FLAG - Success
-- Performing Test LIBCXXABI_SUPPORTS_WUNUSED_PARAMETER_FLAG
-- Performing Test LIBCXXABI_SUPPORTS_WUNUSED_PARAMETER_FLAG - Success
-- Performing Test LIBCXXABI_SUPPORTS_WUNUSED_VARIABLE_FLAG
-- Performing Test LIBCXXABI_SUPPORTS_WUNUSED_VARIABLE_FLAG - Success
-- Performing Test LIBCXXABI_SUPPORTS_WWRITE_STRINGS_FLAG
-- Performing Test LIBCXXABI_SUPPORTS_WWRITE_STRINGS_FLAG - Success
-- Performing Test LIBCXXABI_SUPPORTS_WUNDEF_FLAG
-- Performing Test LIBCXXABI_SUPPORTS_WUNDEF_FLAG - Success
-- Performing Test LIBCXXABI_SUPPORTS_WNO_ERROR_FLAG
-- Performing Test LIBCXXABI_SUPPORTS_WNO_ERROR_FLAG - Success
-- Performing Test LIBCXXABI_SUPPORTS_WX_FLAG
-- Performing Test LIBCXXABI_SUPPORTS_WX_FLAG - Failed
-- Performing Test LIBCXXABI_SUPPORTS_PEDANTIC_FLAG
-- Performing Test LIBCXXABI_SUPPORTS_PEDANTIC_FLAG - Success
-- Performing Test LIBCXXABI_SUPPORTS_FSTRICT_ALIASING_FLAG
-- Performing Test LIBCXXABI_SUPPORTS_FSTRICT_ALIASING_FLAG - Success
-- Performing Test LIBCXXABI_SUPPORTS_EHSC_FLAG
-- Performing Test LIBCXXABI_SUPPORTS_EHSC_FLAG - Failed
-- Performing Test LIBCXXABI_SUPPORTS_FUNWIND_TABLES_FLAG
-- Performing Test LIBCXXABI_SUPPORTS_FUNWIND_TABLES_FLAG - Success
-- Performing Test LIBCXXABI_SUPPORTS_NODEFAULTLIBS_FLAG
-- Performing Test LIBCXXABI_SUPPORTS_NODEFAULTLIBS_FLAG - Success
-- Linker detection: GNU ld
-- Looking for fopen in c
-- Looking for fopen in c - found
-- Looking for __gcc_personality_v0 in gcc_s
-- Looking for __gcc_personality_v0 in gcc_s - found
-- Performing Test LIBCXX_SUPPORTS_NODEFAULTLIBS_FLAG
-- Performing Test LIBCXX_SUPPORTS_NODEFAULTLIBS_FLAG - Success
-- Performing Test LIBCXX_HAVE_CXX_ATOMICS_WITHOUT_LIB
-- Performing Test LIBCXX_HAVE_CXX_ATOMICS_WITHOUT_LIB - Success
-- Looking for __atomic_fetch_add_8 in atomic
-- Looking for __atomic_fetch_add_8 in atomic - found
-- Performing Test LIBCXX_HAS_WX_FLAG
-- Performing Test LIBCXX_HAS_WX_FLAG - Failed
-- Performing Test LIBCXX_HAS_NO_WX_FLAG
-- Performing Test LIBCXX_HAS_NO_WX_FLAG - Failed
-- Performing Test LIBCXX_HAS_EHSC_FLAG
-- Performing Test LIBCXX_HAS_EHSC_FLAG - Failed
-- Performing Test LIBCXX_HAS_NO_EHS_FLAG
-- Performing Test LIBCXX_HAS_NO_EHS_FLAG - Failed
-- Performing Test LIBCXX_HAS_NO_EHA_FLAG
-- Performing Test LIBCXX_HAS_NO_EHA_FLAG - Failed
-- Performing Test LIBCXX_HAS_NO_GR_FLAG
-- Performing Test LIBCXX_HAS_NO_GR_FLAG - Failed
-- Looking for pthread_create in pthread
-- Looking for pthread_create in pthread - found
-- Looking for ccos in m
-- Looking for ccos in m - found
-- Looking for clock_gettime in rt
-- Looking for clock_gettime in rt - found
-- Performing Test LIBCXX_SUPPORTS_STD_EQ_CXX11_FLAG
-- Performing Test LIBCXX_SUPPORTS_STD_EQ_CXX11_FLAG - Success
-- Performing Test LIBCXX_SUPPORTS_NOSTDINCXX_FLAG
-- Performing Test LIBCXX_SUPPORTS_NOSTDINCXX_FLAG - Success
-- Performing Test LIBCXX_SUPPORTS_FVISIBILITY_INLINES_HIDDEN_FLAG
-- Performing Test LIBCXX_SUPPORTS_FVISIBILITY_INLINES_HIDDEN_FLAG - Success
-- Performing Test LIBCXX_SUPPORTS_WALL_FLAG
-- Performing Test LIBCXX_SUPPORTS_WALL_FLAG - Success
-- Performing Test LIBCXX_SUPPORTS_WEXTRA_FLAG
-- Performing Test LIBCXX_SUPPORTS_WEXTRA_FLAG - Success
-- Performing Test LIBCXX_SUPPORTS_W_FLAG
-- Performing Test LIBCXX_SUPPORTS_W_FLAG - Success
-- Performing Test LIBCXX_SUPPORTS_WWRITE_STRINGS_FLAG
-- Performing Test LIBCXX_SUPPORTS_WWRITE_STRINGS_FLAG - Success
-- Performing Test LIBCXX_SUPPORTS_WNO_UNUSED_PARAMETER_FLAG
-- Performing Test LIBCXX_SUPPORTS_WNO_UNUSED_PARAMETER_FLAG - Success
-- Performing Test LIBCXX_SUPPORTS_WNO_LONG_LONG_FLAG
-- Performing Test LIBCXX_SUPPORTS_WNO_LONG_LONG_FLAG - Success
-- Performing Test LIBCXX_SUPPORTS_WERROR_EQ_RETURN_TYPE_FLAG
-- Performing Test LIBCXX_SUPPORTS_WERROR_EQ_RETURN_TYPE_FLAG - Success
-- Performing Test LIBCXX_SUPPORTS_WNO_USER_DEFINED_LITERALS_FLAG
-- Performing Test LIBCXX_SUPPORTS_WNO_USER_DEFINED_LITERALS_FLAG - Success
-- Performing Test LIBCXX_SUPPORTS_WNO_COVERED_SWITCH_DEFAULT_FLAG
-- Performing Test LIBCXX_SUPPORTS_WNO_COVERED_SWITCH_DEFAULT_FLAG - Success
-- Performing Test LIBCXX_SUPPORTS_WNO_ERROR_FLAG
-- Performing Test LIBCXX_SUPPORTS_WNO_ERROR_FLAG - Success
-- Performing Test LIBCXX_SUPPORTS_EHSC_FLAG
-- Performing Test LIBCXX_SUPPORTS_EHSC_FLAG - Failed
-- Performing Test LIBCXX_SUPPORTS_FPIC_FLAG
-- Performing Test LIBCXX_SUPPORTS_FPIC_FLAG - Success
-- Performing Test LIBCXX_SUPPORTS_STD_EQ_CXX14_FLAG
-- Performing Test LIBCXX_SUPPORTS_STD_EQ_CXX14_FLAG - Success
-- Adding Benchmark: algorithms.bench.cpp
-- Adding Benchmark: filesystem.bench.cpp
-- Adding Benchmark: string.bench.cpp
-- Adding Benchmark: stringstream.bench.cpp
-- Adding Benchmark: unordered_set_operations.bench.cpp
-- Adding Benchmark: util_smartptr.bench.cpp
-- Adding Benchmark: vector_operations.bench.cpp
-- Linker detection: GNU ld
-- Configuring done
-- Generating done
-- Build files have been written to: /build/libc++/src/build
[1/59] Building CXX object projects/libcxxabi/src/CMakeFiles/cxxabi_objects.dir/cxa_virtual.cpp.o
[2/59] Building CXX object projects/libcxxabi/src/CMakeFiles/cxxabi_objects.dir/cxa_aux_runtime.cpp.o
[3/59] Building CXX object projects/libcxxabi/src/CMakeFiles/cxxabi_objects.dir/stdlib_exception.cpp.o
[4/59] Building CXX object projects/libcxxabi/src/CMakeFiles/cxxabi_objects.dir/cxa_handlers.cpp.o
[5/59] Building CXX object projects/libcxxabi/src/CMakeFiles/cxxabi_objects.dir/cxa_unexpected.cpp.o
[6/59] Building CXX object projects/libcxxabi/src/CMakeFiles/cxxabi_objects.dir/cxa_default_handlers.cpp.o
[7/59] Building CXX object projects/libcxxabi/src/CMakeFiles/cxxabi_objects.dir/cxa_exception_storage.cpp.o
[8/59] Building CXX object projects/libcxxabi/src/CMakeFiles/cxxabi_objects.dir/cxa_guard.cpp.o
[9/59] Building CXX object projects/libcxxabi/src/CMakeFiles/cxxabi_objects.dir/cxa_vector.cpp.o
[10/59] Building CXX object projects/libcxxabi/src/CMakeFiles/cxxabi_objects.dir/stdlib_typeinfo.cpp.o
[11/59] Building CXX object projects/libcxxabi/src/CMakeFiles/cxxabi_objects.dir/stdlib_stdexcept.cpp.o
[12/59] Building CXX object projects/libcxxabi/src/CMakeFiles/cxxabi_objects.dir/abort_message.cpp.o
[13/59] Building CXX object projects/libcxxabi/src/CMakeFiles/cxxabi_objects.dir/stdlib_new_delete.cpp.o
[14/59] Building CXX object projects/libcxxabi/src/CMakeFiles/cxxabi_objects.dir/fallback_malloc.cpp.o
[15/59] Building CXX object projects/libcxxabi/src/CMakeFiles/cxxabi_objects.dir/cxa_exception.cpp.o
[16/59] Building CXX object projects/libcxxabi/src/CMakeFiles/cxxabi_objects.dir/cxa_thread_atexit.cpp.o
[17/59] Building CXX object projects/libcxxabi/src/CMakeFiles/cxxabi_objects.dir/private_typeinfo.cpp.o
[18/59] Building CXX object projects/libcxxabi/src/CMakeFiles/cxxabi_objects.dir/cxa_personality.cpp.o
[19/59] Building CXX object projects/libcxx/lib/CMakeFiles/cxx_objects.dir/__/src/exception.cpp.o
[20/59] Building CXX object projects/libcxx/lib/CMakeFiles/cxx_objects.dir/__/src/bind.cpp.o
[21/59] Building CXX object projects/libcxx/lib/CMakeFiles/cxx_objects.dir/__/src/any.cpp.o
[22/59] Building CXX object projects/libcxx/lib/CMakeFiles/cxx_objects.dir/__/src/functional.cpp.o
[23/59] Building CXX object projects/libcxx/lib/CMakeFiles/cxx_objects.dir/__/src/chrono.cpp.o
[24/59] Building CXX object projects/libcxx/lib/CMakeFiles/cxx_objects.dir/__/src/condition_variable.cpp.o
[25/59] Building CXX object projects/libcxx/lib/CMakeFiles/cxx_objects.dir/__/src/hash.cpp.o
[26/59] Building CXX object projects/libcxx/lib/CMakeFiles/cxx_objects.dir/__/src/future.cpp.o
[27/59] Building CXX object projects/libcxx/lib/CMakeFiles/cxx_objects.dir/__/src/debug.cpp.o
[28/59] Building CXX object projects/libcxx/lib/CMakeFiles/cxx_objects.dir/__/src/new.cpp.o
[29/59] Building CXX object projects/libcxx/lib/CMakeFiles/cxx_objects.dir/__/src/mutex.cpp.o
[30/59] Building CXX object projects/libcxx/lib/CMakeFiles/cxx_objects.dir/__/src/memory.cpp.o
[31/59] Building CXX object projects/libcxx/lib/CMakeFiles/cxx_objects.dir/__/src/iostream.cpp.o
[32/59] Building CXX object projects/libcxx/lib/CMakeFiles/cxx_objects.dir/__/src/optional.cpp.o
[33/59] Building CXX object projects/libcxx/lib/CMakeFiles/cxx_objects.dir/__/src/stdexcept.cpp.o
[34/59] Building CXX object projects/libcxx/lib/CMakeFiles/cxx_objects.dir/__/src/shared_mutex.cpp.o
[35/59] Building CXX object projects/libcxx/lib/CMakeFiles/cxx_objects.dir/__/src/algorithm.cpp.o
[36/59] Building CXX object projects/libcxx/lib/CMakeFiles/cxx_objects.dir/__/src/regex.cpp.o
[37/59] Building CXX object projects/libcxx/lib/CMakeFiles/cxx_objects.dir/__/src/typeinfo.cpp.o
[38/59] Building CXX object projects/libcxx/lib/CMakeFiles/cxx_objects.dir/__/src/random.cpp.o
[39/59] Building CXX object projects/libcxx/lib/CMakeFiles/cxx_objects.dir/__/src/utility.cpp.o
[40/59] Building CXX object projects/libcxx/lib/CMakeFiles/cxx_objects.dir/__/src/strstream.cpp.o
[41/59] Building CXX object projects/libcxx/lib/CMakeFiles/cxx_objects.dir/__/src/variant.cpp.o
[42/59] Building CXX object projects/libcxx/lib/CMakeFiles/cxx_objects.dir/__/src/system_error.cpp.o
[43/59] Building CXX object projects/libcxx/lib/CMakeFiles/cxx_objects.dir/__/src/valarray.cpp.o
[44/59] Building CXX object projects/libcxx/lib/CMakeFiles/cxx_objects.dir/__/src/vector.cpp.o
[45/59] Building CXX object projects/libcxx/lib/CMakeFiles/cxx_objects.dir/__/src/thread.cpp.o
[46/59] Building CXX object projects/libcxx/lib/CMakeFiles/cxx_experimental.dir/__/src/experimental/memory_resource.cpp.o
[47/59] Building CXX object projects/libcxx/lib/CMakeFiles/cxx_objects.dir/__/src/ios.cpp.o
[48/59] Building CXX object projects/libcxx/lib/CMakeFiles/cxx_experimental.dir/__/src/experimental/filesystem/path.cpp.o
[49/59] Building CXX object projects/libcxxabi/src/CMakeFiles/cxxabi_objects.dir/cxa_demangle.cpp.o
[50/59] Linking CXX shared library lib/libc++abi.so.1.0
[51/59] Creating library symlink lib/libc++abi.so.1 lib/libc++abi.so
[52/59] Building CXX object projects/libcxx/lib/CMakeFiles/cxx_objects.dir/__/src/string.cpp.o
[53/59] Building CXX object projects/libcxx/lib/CMakeFiles/cxx_experimental.dir/__/src/experimental/filesystem/directory_iterator.cpp.o
[54/59] Building CXX object projects/libcxx/lib/CMakeFiles/cxx_experimental.dir/__/src/experimental/filesystem/operations.cpp.o
[55/59] Building CXX object projects/libcxx/lib/CMakeFiles/cxx_objects.dir/__/src/locale.cpp.o
[56/59] Linking CXX static library lib/libc++.a
[57/59] Linking CXX shared library lib/libc++.so.1.0
[58/59] Creating library symlink lib/libc++.so.1 lib/libc++.so
GENERATING SCRIPT: 'INPUT(libc++.so.1 -lc++abi)' as file /build/libc++/src/build/lib/libc++.so
[59/59] Linking CXX static library lib/libc++experimental.a
