running install
running build
running build_py
creating build
creating build/lib
creating build/lib/aurman
copying src/aurman/utilities.py -> build/lib/aurman
copying src/aurman/__init__.py -> build/lib/aurman
copying src/aurman/parse_args.py -> build/lib/aurman
copying src/aurman/classes.py -> build/lib/aurman
copying src/aurman/parsing_config.py -> build/lib/aurman
copying src/aurman/coloring.py -> build/lib/aurman
copying src/aurman/own_exceptions.py -> build/lib/aurman
copying src/aurman/help_printing.py -> build/lib/aurman
copying src/aurman/main.py -> build/lib/aurman
copying src/aurman/wrappers.py -> build/lib/aurman
copying src/aurman/main_solver.py -> build/lib/aurman
copying src/aurman/bash_completion.py -> build/lib/aurman
copying src/aurman/aur_utilities.py -> build/lib/aurman
running install_lib
creating /build/aurman/pkg/aurman/usr
creating /build/aurman/pkg/aurman/usr/lib
creating /build/aurman/pkg/aurman/usr/lib/python3.6
creating /build/aurman/pkg/aurman/usr/lib/python3.6/site-packages
creating /build/aurman/pkg/aurman/usr/lib/python3.6/site-packages/aurman
copying build/lib/aurman/utilities.py -> /build/aurman/pkg/aurman/usr/lib/python3.6/site-packages/aurman
copying build/lib/aurman/__init__.py -> /build/aurman/pkg/aurman/usr/lib/python3.6/site-packages/aurman
copying build/lib/aurman/parse_args.py -> /build/aurman/pkg/aurman/usr/lib/python3.6/site-packages/aurman
copying build/lib/aurman/classes.py -> /build/aurman/pkg/aurman/usr/lib/python3.6/site-packages/aurman
copying build/lib/aurman/parsing_config.py -> /build/aurman/pkg/aurman/usr/lib/python3.6/site-packages/aurman
copying build/lib/aurman/coloring.py -> /build/aurman/pkg/aurman/usr/lib/python3.6/site-packages/aurman
copying build/lib/aurman/own_exceptions.py -> /build/aurman/pkg/aurman/usr/lib/python3.6/site-packages/aurman
copying build/lib/aurman/help_printing.py -> /build/aurman/pkg/aurman/usr/lib/python3.6/site-packages/aurman
copying build/lib/aurman/main.py -> /build/aurman/pkg/aurman/usr/lib/python3.6/site-packages/aurman
copying build/lib/aurman/wrappers.py -> /build/aurman/pkg/aurman/usr/lib/python3.6/site-packages/aurman
copying build/lib/aurman/main_solver.py -> /build/aurman/pkg/aurman/usr/lib/python3.6/site-packages/aurman
copying build/lib/aurman/bash_completion.py -> /build/aurman/pkg/aurman/usr/lib/python3.6/site-packages/aurman
copying build/lib/aurman/aur_utilities.py -> /build/aurman/pkg/aurman/usr/lib/python3.6/site-packages/aurman
byte-compiling /build/aurman/pkg/aurman/usr/lib/python3.6/site-packages/aurman/utilities.py to utilities.cpython-36.pyc
byte-compiling /build/aurman/pkg/aurman/usr/lib/python3.6/site-packages/aurman/__init__.py to __init__.cpython-36.pyc
byte-compiling /build/aurman/pkg/aurman/usr/lib/python3.6/site-packages/aurman/parse_args.py to parse_args.cpython-36.pyc
byte-compiling /build/aurman/pkg/aurman/usr/lib/python3.6/site-packages/aurman/classes.py to classes.cpython-36.pyc
byte-compiling /build/aurman/pkg/aurman/usr/lib/python3.6/site-packages/aurman/parsing_config.py to parsing_config.cpython-36.pyc
byte-compiling /build/aurman/pkg/aurman/usr/lib/python3.6/site-packages/aurman/coloring.py to coloring.cpython-36.pyc
byte-compiling /build/aurman/pkg/aurman/usr/lib/python3.6/site-packages/aurman/own_exceptions.py to own_exceptions.cpython-36.pyc
byte-compiling /build/aurman/pkg/aurman/usr/lib/python3.6/site-packages/aurman/help_printing.py to help_printing.cpython-36.pyc
byte-compiling /build/aurman/pkg/aurman/usr/lib/python3.6/site-packages/aurman/main.py to main.cpython-36.pyc
byte-compiling /build/aurman/pkg/aurman/usr/lib/python3.6/site-packages/aurman/wrappers.py to wrappers.cpython-36.pyc
byte-compiling /build/aurman/pkg/aurman/usr/lib/python3.6/site-packages/aurman/main_solver.py to main_solver.cpython-36.pyc
byte-compiling /build/aurman/pkg/aurman/usr/lib/python3.6/site-packages/aurman/bash_completion.py to bash_completion.cpython-36.pyc
byte-compiling /build/aurman/pkg/aurman/usr/lib/python3.6/site-packages/aurman/aur_utilities.py to aur_utilities.cpython-36.pyc
writing byte-compilation script '/tmp/tmp7r79rnpw.py'
/usr/bin/python3 /tmp/tmp7r79rnpw.py
removing /tmp/tmp7r79rnpw.py
running install_egg_info
running egg_info
creating src/aurman.egg-info
writing src/aurman.egg-info/PKG-INFO
writing dependency_links to src/aurman.egg-info/dependency_links.txt
writing entry points to src/aurman.egg-info/entry_points.txt
writing requirements to src/aurman.egg-info/requires.txt
writing top-level names to src/aurman.egg-info/top_level.txt
writing manifest file 'src/aurman.egg-info/SOURCES.txt'
reading manifest file 'src/aurman.egg-info/SOURCES.txt'
writing manifest file 'src/aurman.egg-info/SOURCES.txt'
Copying src/aurman.egg-info to /build/aurman/pkg/aurman/usr/lib/python3.6/site-packages/aurman-2.9.25-py3.6.egg-info
running install_scripts
Installing aurman script to /build/aurman/pkg/aurman/usr/bin
Installing aurmansolver script to /build/aurman/pkg/aurman/usr/bin
